Using pre-set license

 COMMAND LINE ARGUMENTS:
/Applications/Unity/Hub/Editor/2020.3.0f1/Unity.app/Contents/MacOS/Unity
-adb2
-batchMode
-noUpm
-name
AssetImportWorker0
-projectPath
/Users/aditi/Desktop/School/ISM FInal Project/ISM-Final-Project/New Unity Project
-logFile
Logs/AssetImportWorker0.log
-srvPort
51982
Successfully changed project path to: /Users/aditi/Desktop/School/ISM FInal Project/ISM-Final-Project/New Unity Project
/Users/aditi/Desktop/School/ISM FInal Project/ISM-Final-Project/New Unity Project
Using Asset Import Pipeline V2.
Refreshing native plugins compatible for Editor in 49.03 ms, found 2 plugins.
Preloading 0 native plugins for Editor in 0.00 ms.
Initialize engine version: 2020.3.0f1 (c7b5465681fb)
[Subsystems] Discovering subsystems at path /Applications/Unity/Hub/Editor/2020.3.0f1/Unity.app/Contents/Resources/UnitySubsystems
[Subsystems] Discovering subsystems at path /Users/aditi/Desktop/School/ISM FInal Project/ISM-Final-Project/New Unity Project/Assets
GfxDevice: creating device client; threaded=0
2021-04-29 21:40:36.565 Unity[59060:9900176] Color LCD preferred device: Intel(R) Iris(TM) Plus Graphics 640 (low power)
2021-04-29 21:40:36.565 Unity[59060:9900176] Metal devices available: 1
2021-04-29 21:40:36.566 Unity[59060:9900176] 0: Intel(R) Iris(TM) Plus Graphics 640 (low power)
2021-04-29 21:40:36.566 Unity[59060:9900176] Using device Intel(R) Iris(TM) Plus Graphics 640 (low power)
Initializing Metal device caps: Intel(R) Iris(TM) Plus Graphics 640
Initialize mono
Mono path[0] = '/Applications/Unity/Hub/Editor/2020.3.0f1/Unity.app/Contents/Managed'
Mono path[1] = '/Applications/Unity/Hub/Editor/2020.3.0f1/Unity.app/Contents/MonoBleedingEdge/lib/mono/unityjit'
Mono config path = '/Applications/Unity/Hub/Editor/2020.3.0f1/Unity.app/Contents/MonoBleedingEdge/etc'
Using monoOptions --debugger-agent=transport=dt_socket,embedding=1,server=y,suspend=n,address=127.0.0.1:56060
Begin MonoManager ReloadAssembly
Registering precompiled unity dll's ...
Register platform support module: /Applications/Unity/Hub/Editor/2020.3.0f1/Unity.app/Contents/PlaybackEngines/MacStandaloneSupport/UnityEditor.OSXStandalone.Extensions.dll
Registered in 0.000695 seconds.
Native extension for OSXStandalone target not found
Refreshing native plugins compatible for Editor in 46.15 ms, found 2 plugins.
Preloading 0 native plugins for Editor in 0.00 ms.
Invoked RoslynAnalysisRunner static constructor.
RoslynAnalysisRunner will not be running.
RoslynAnalysisRunner has terminated.
Mono: successfully reloaded assembly
- Completed reload, in  2.969 seconds
Platform modules already initialized, skipping
Registering precompiled user dll's ...
Registered in 0.000696 seconds.
Begin MonoManager ReloadAssembly
Native extension for OSXStandalone target not found
Refreshing native plugins compatible for Editor in 48.23 ms, found 2 plugins.
Preloading 0 native plugins for Editor in 0.00 ms.
Invoked RoslynAnalysisRunner static constructor.
RoslynAnalysisRunner will not be running.
RoslynAnalysisRunner has terminated.
Mono: successfully reloaded assembly
- Completed reload, in  1.181 seconds
Platform modules already initialized, skipping
========================================================================
Worker process is ready to serve import requests
Launching external process: /Applications/Unity/Hub/Editor/2020.3.0f1/Unity.app/Contents/Tools/UnityShaderCompiler
Launched and connected shader compiler UnityShaderCompiler after 0.01 seconds
Refreshing native plugins compatible for Editor in 0.66 ms, found 2 plugins.
Preloading 0 native plugins for Editor in 0.00 ms.
Unloading 1809 Unused Serialized files (Serialized files now loaded: 0)
System memory in use before: 145.4 MB.
System memory in use after: 145.4 MB.

Unloading 21 unused Assets to reduce memory usage. Loaded Objects now: 2254.
Total: 3.455102 ms (FindLiveObjects: 0.499866 ms CreateObjectMapping: 0.137780 ms MarkObjects: 2.643653 ms  DeleteObjects: 0.171390 ms)

========================================================================
Received Import Request.
  path: Assets/Scenes/SampleScene.unity
  artifactKey: Guid(2cda990e2423bbf4892e6590ba056729) Importer(815301076,1909f56bfc062723c751e8b465ee728b)
Start importing Assets/Scenes/SampleScene.unity using Guid(2cda990e2423bbf4892e6590ba056729) Importer(815301076,1909f56bfc062723c751e8b465ee728b)  -> (artifact id: 'b4bb818469b0e967562ef24ddda5780f') in 0.014808 seconds
  Import took 0.020646 seconds .

========================================================================
Received Import Request.
  Time since last request: 0.000452 seconds.
  path: Assets/Scenes/Level 1.unity
  artifactKey: Guid(c141d24673958bb44b780d361745cca7) Importer(815301076,1909f56bfc062723c751e8b465ee728b)
Start importing Assets/Scenes/Level 1.unity using Guid(c141d24673958bb44b780d361745cca7) Importer(815301076,1909f56bfc062723c751e8b465ee728b)  -> (artifact id: '85d275924e969d535714483236b02cb6') in 0.001443 seconds
  Import took 0.004993 seconds .

========================================================================
Received Import Request.
  Time since last request: 40.963787 seconds.
  path: Assets/Scenes/Level 1.scenetemplate
  artifactKey: Guid(0e75e8c9f484543d980648bc306cc7a9) Importer(815301076,1909f56bfc062723c751e8b465ee728b)
Start importing Assets/Scenes/Level 1.scenetemplate using Guid(0e75e8c9f484543d980648bc306cc7a9) Importer(815301076,1909f56bfc062723c751e8b465ee728b)  -> (artifact id: '6f2fb99c578b0b9fac329532cb12bda8') in 1.329943 seconds
  Import took 1.335314 seconds .

========================================================================
Received Prepare
Refreshing native plugins compatible for Editor in 2.57 ms, found 2 plugins.
Preloading 0 native plugins for Editor in 0.00 ms.
Unloading 7 Unused Serialized files (Serialized files now loaded: 0)
System memory in use before: 114.0 MB.
System memory in use after: 114.1 MB.

Unloading 7 unused Assets to reduce memory usage. Loaded Objects now: 2254.
Total: 3.263987 ms (FindLiveObjects: 0.282739 ms CreateObjectMapping: 0.120523 ms MarkObjects: 2.786807 ms  DeleteObjects: 0.072318 ms)

========================================================================
Received Import Request.
  Time since last request: 714.582083 seconds.
  path: Assets/BayatGames/Free Platform Game Assets/Backgrounds/Background
  artifactKey: Guid(d1812e76ef309974dab10fcb8a0593ca) Importer(815301076,1909f56bfc062723c751e8b465ee728b)
Start importing Assets/BayatGames/Free Platform Game Assets/Backgrounds/Background using Guid(d1812e76ef309974dab10fcb8a0593ca) Importer(815301076,1909f56bfc062723c751e8b465ee728b)  -> (artifact id: 'ce4fa7308fe93300f65d725450e82809') in 0.005884 seconds
  Import took 0.040727 seconds .

========================================================================
Received Import Request.
  Time since last request: 1.398718 seconds.
  path: Assets/BayatGames/Free Platform Game Assets/Backgrounds/Background/png
  artifactKey: Guid(b1af854388f12ea46b814763cf1775fc) Importer(815301076,1909f56bfc062723c751e8b465ee728b)
Start importing Assets/BayatGames/Free Platform Game Assets/Backgrounds/Background/png using Guid(b1af854388f12ea46b814763cf1775fc) Importer(815301076,1909f56bfc062723c751e8b465ee728b)  -> (artifact id: 'c5f2b370b61ea16cc9b61b8a6b5fd726') in 0.003193 seconds
  Import took 0.016738 seconds .

========================================================================
Received Import Request.
  Time since last request: 1.534912 seconds.
  path: Assets/BayatGames/Free Platform Game Assets/Backgrounds/Background/png/2048x1536
  artifactKey: Guid(70adca9458902ca42a555ce516141296) Importer(815301076,1909f56bfc062723c751e8b465ee728b)
Start importing Assets/BayatGames/Free Platform Game Assets/Backgrounds/Background/png/2048x1536 using Guid(70adca9458902ca42a555ce516141296) Importer(815301076,1909f56bfc062723c751e8b465ee728b)  -> (artifact id: '5c07ae859e95ddf9e6d455c8e4b778e2') in 0.003451 seconds
  Import took 0.010447 seconds .

========================================================================
Received Import Request.
  Time since last request: 0.749883 seconds.
  path: Assets/BayatGames/Free Platform Game Assets/Backgrounds/Background/png/2048x1536/Background
  artifactKey: Guid(82cae7844dfcb8d409d3b406ec7da607) Importer(815301076,1909f56bfc062723c751e8b465ee728b)
Start importing Assets/BayatGames/Free Platform Game Assets/Backgrounds/Background/png/2048x1536/Background using Guid(82cae7844dfcb8d409d3b406ec7da607) Importer(815301076,1909f56bfc062723c751e8b465ee728b)  -> (artifact id: 'bcf7df1863aa76bf7d4aa8bf440cd96a') in 0.002896 seconds
  Import took 0.011532 seconds .

